Exporter version: 3.3.1, Blender version: 3.4.1
========= Conversion from Blender to Babylon.js =========
	Scene settings used :
		Inline textures     :  false
		Material Type       :  PBR
		Positions Precision :  4
		Normals Precision   :  3
		UVs Precision       :  3
		Vert Color Precision:  3
		Mat Weight Precision:  2
		Keep Z-up r-handed  :  no
		Texture directory   :  C:\Users\yassi\Desktop\Cours\BabyJs\Nirwen\ori_model\model_prin\
	Python World class constructor completed
	WARNING: No active camera has been assigned, or is not in a currently enabled collection
	processing begun of mesh:  Ori
		processing begun of material:  lambert2SG
			processing texture Ori_Base_Color
		Custom split normals with tangents being used
		num positions      :  51149
		num normals        :  51149
		num tangents       :  204596
		num uvs            :  102298
		num uvs2           :  0
		num colors         :  204596
		num triangles      :  17136
========= Writing of JSON file started =========
	writing mesh:  Ori
========= Writing of JSON file completed =========
========= end of processing =========
elapsed time:  0 min, 2.0078 secs
